2023-04-26 12:06:22,699 [Worker-4: Loading available Gradle versions] INFO  o.e.b.c.i.u.g.PublishedGradleVersions - Gradle version information cache is up-to-date. Trying to read.
2023-04-26 12:06:53,118 [Worker-0: Importing Maven projects] INFO  o.e.m.c.i.l.LifecycleMappingFactory - Using org.eclipse.m2e.jdt.JarLifecycleMapping lifecycle mapping for MavenProject: ecom:ecom-entity:0.0.1-SNAPSHOT @ C:\Users\Pavan\Documents\Sts\gitEcom\ecom-entity\pom.xml.
2023-04-26 12:06:53,556 [Worker-0: Importing Maven projects] INFO  o.e.m.c.i.l.LifecycleMappingFactory - Using org.eclipse.m2e.jdt.JarLifecycleMapping lifecycle mapping for MavenProject: com.Spring:e_commerce_admin:0.0.1-SNAPSHOT @ C:\Users\Pavan\Documents\Sts\gitEcom\ecommerce_admin\e_commerce_admin\pom.xml.
2023-04-26 12:06:53,642 [Worker-0: Importing Maven projects] INFO  o.e.m.c.i.p.WorkspaceClassifierResolverManager - Resolving P/ecom-entity: ecom:ecom-entity:0.0.1-SNAPSHOT with classifier  to /ecom-entity/target/classes
2023-04-26 12:06:53,711 [Worker-0: Importing Maven projects] INFO  o.e.m.c.i.l.LifecycleMappingFactory - Using org.eclipse.m2e.jdt.JarLifecycleMapping lifecycle mapping for MavenProject: com.example:e_commerce_orders:0.0.1-SNAPSHOT @ C:\Users\Pavan\Documents\Sts\gitEcom\ecommerce_orders\e_commerce_orders\pom.xml.
2023-04-26 12:06:53,740 [Worker-0: Importing Maven projects] INFO  o.e.m.c.i.p.WorkspaceClassifierResolverManager - Resolving P/ecom-entity: ecom:ecom-entity:0.0.1-SNAPSHOT with classifier  to /ecom-entity/target/classes
2023-04-26 12:06:53,806 [Worker-0: Importing Maven projects] INFO  o.e.m.c.i.l.LifecycleMappingFactory - Using org.eclipse.m2e.jdt.JarLifecycleMapping lifecycle mapping for MavenProject: com.Spring:e_commerce_seller:0.0.1-SNAPSHOT @ C:\Users\Pavan\Documents\Sts\gitEcom\ecommerce_seller\e_commerce_seller\pom.xml.
2023-04-26 12:06:53,830 [Worker-0: Importing Maven projects] INFO  o.e.m.c.i.p.WorkspaceClassifierResolverManager - Resolving P/ecom-entity: ecom:ecom-entity:0.0.1-SNAPSHOT with classifier  to /ecom-entity/target/classes
2023-04-26 12:06:53,891 [Worker-0: Importing Maven projects] INFO  o.e.m.c.i.l.LifecycleMappingFactory - Using org.eclipse.m2e.jdt.JarLifecycleMapping lifecycle mapping for MavenProject: com.Spring:e_commerce_user:0.0.1-SNAPSHOT @ C:\Users\Pavan\Documents\Sts\gitEcom\ecommerce_user\e_commerce_user\pom.xml.
2023-04-26 12:06:53,975 [Worker-0: Importing Maven projects] INFO  o.e.m.c.i.p.WorkspaceClassifierResolverManager - Resolving P/ecom-entity: ecom:ecom-entity:0.0.1-SNAPSHOT with classifier  to /ecom-entity/target/classes
2023-04-26 12:06:56,046 [Worker-0: Importing Maven projects] INFO  o.e.m.j.i.AbstractJavaProjectConfigurator - Adding source folder /ecom-entity/src/main/java
2023-04-26 12:06:56,047 [Worker-0: Importing Maven projects] INFO  o.e.m.j.i.AbstractJavaProjectConfigurator - Adding resource folder /ecom-entity/src/main/resources
2023-04-26 12:06:56,053 [Worker-0: Importing Maven projects] INFO  o.e.m.j.i.AbstractJavaProjectConfigurator - Adding resource folder /ecom-entity/src/main/resources
2023-04-26 12:06:56,058 [Worker-0: Importing Maven projects] INFO  o.e.m.j.i.AbstractJavaProjectConfigurator - Adding source folder /ecom-entity/src/test/java
2023-04-26 12:06:58,085 [Worker-0: Importing Maven projects] INFO  o.e.m.j.i.AbstractJavaProjectConfigurator - Adding source folder /e_commerce_admin/src/main/java
2023-04-26 12:06:58,086 [Worker-0: Importing Maven projects] INFO  o.e.m.j.i.AbstractJavaProjectConfigurator - Adding resource folder /e_commerce_admin/src/main/resources
2023-04-26 12:06:58,089 [Worker-0: Importing Maven projects] INFO  o.e.m.j.i.AbstractJavaProjectConfigurator - Adding resource folder /e_commerce_admin/src/main/resources
2023-04-26 12:06:58,090 [Worker-0: Importing Maven projects] INFO  o.e.m.j.i.AbstractJavaProjectConfigurator - Adding source folder /e_commerce_admin/src/test/java
2023-04-26 12:06:58,880 [Worker-0: Importing Maven projects] INFO  o.e.m.j.i.AbstractJavaProjectConfigurator - Adding source folder /e_commerce_seller/src/main/java
2023-04-26 12:06:58,881 [Worker-0: Importing Maven projects] INFO  o.e.m.j.i.AbstractJavaProjectConfigurator - Adding resource folder /e_commerce_seller/src/main/resources
2023-04-26 12:06:58,886 [Worker-0: Importing Maven projects] INFO  o.e.m.j.i.AbstractJavaProjectConfigurator - Adding resource folder /e_commerce_seller/src/main/resources
2023-04-26 12:06:58,887 [Worker-0: Importing Maven projects] INFO  o.e.m.j.i.AbstractJavaProjectConfigurator - Adding source folder /e_commerce_seller/src/test/java
2023-04-26 12:06:59,547 [Worker-0: Importing Maven projects] INFO  o.e.m.j.i.AbstractJavaProjectConfigurator - Adding source folder /e_commerce_user/src/main/java
2023-04-26 12:06:59,547 [Worker-0: Importing Maven projects] INFO  o.e.m.j.i.AbstractJavaProjectConfigurator - Adding resource folder /e_commerce_user/src/main/resources
2023-04-26 12:06:59,551 [Worker-0: Importing Maven projects] INFO  o.e.m.j.i.AbstractJavaProjectConfigurator - Adding resource folder /e_commerce_user/src/main/resources
2023-04-26 12:06:59,552 [Worker-0: Importing Maven projects] INFO  o.e.m.j.i.AbstractJavaProjectConfigurator - Adding source folder /e_commerce_user/src/test/java
2023-04-26 12:07:00,149 [Worker-0: Importing Maven projects] INFO  o.e.m.j.i.AbstractJavaProjectConfigurator - Adding source folder /e_commerce_orders/src/main/java
2023-04-26 12:07:00,149 [Worker-0: Importing Maven projects] INFO  o.e.m.j.i.AbstractJavaProjectConfigurator - Adding resource folder /e_commerce_orders/src/main/resources
2023-04-26 12:07:00,152 [Worker-0: Importing Maven projects] INFO  o.e.m.j.i.AbstractJavaProjectConfigurator - Adding resource folder /e_commerce_orders/src/main/resources
2023-04-26 12:07:00,153 [Worker-0: Importing Maven projects] INFO  o.e.m.j.i.AbstractJavaProjectConfigurator - Adding source folder /e_commerce_orders/src/test/java
2023-04-26 12:07:00,608 [Worker-0: Importing Maven projects] INFO  o.e.m.c.i.p.ProjectConfigurationManager - Imported and configured 5 project(s) in 9 sec
2023-04-26 12:07:02,418 [Worker-0: Updating Maven Project] INFO  o.e.m.c.i.p.ProjectConfigurationManager - Update started
2023-04-26 12:07:02,793 [Worker-0: Updating Maven Project] INFO  o.e.m.c.i.l.LifecycleMappingFactory - Using org.eclipse.m2e.jdt.JarLifecycleMapping lifecycle mapping for MavenProject: ecom:ecom-entity:0.0.1-SNAPSHOT @ C:\Users\Pavan\Documents\Sts\gitEcom\ecom-entity\pom.xml.
2023-04-26 12:07:03,506 [Worker-0: Updating Maven Project] INFO  o.e.m.j.i.AbstractJavaProjectConfigurator - Adding source folder /ecom-entity/src/main/java
2023-04-26 12:07:03,507 [Worker-0: Updating Maven Project] INFO  o.e.m.j.i.AbstractJavaProjectConfigurator - Adding resource folder /ecom-entity/src/main/resources
2023-04-26 12:07:03,508 [Worker-0: Updating Maven Project] INFO  o.e.m.j.i.AbstractJavaProjectConfigurator - Adding resource folder /ecom-entity/src/main/resources
2023-04-26 12:07:03,509 [Worker-0: Updating Maven Project] INFO  o.e.m.j.i.AbstractJavaProjectConfigurator - Adding source folder /ecom-entity/src/test/java
2023-04-26 12:07:04,390 [Worker-0: Updating Maven Project] INFO  o.e.m.c.i.p.ProjectConfigurationManager - Update completed for 1 poms: local refresh takes 0.00 sec, refresh facades takes 0.00 sec, update config takes 0.00 sec 
2023-04-26 12:07:04,441 [Worker-4: Updating Maven Project] INFO  o.e.m.c.i.p.ProjectConfigurationManager - Update started
2023-04-26 12:07:05,359 [Worker-4: Updating Maven Project] INFO  o.e.m.c.i.l.LifecycleMappingFactory - Using org.eclipse.m2e.jdt.JarLifecycleMapping lifecycle mapping for MavenProject: com.Spring:e_commerce_admin:0.0.1-SNAPSHOT @ C:\Users\Pavan\Documents\Sts\gitEcom\ecommerce_admin\e_commerce_admin\pom.xml.
2023-04-26 12:07:05,696 [Worker-4: Updating Maven Project] INFO  o.e.m.c.i.p.WorkspaceClassifierResolverManager - Resolving P/ecom-entity: ecom:ecom-entity:0.0.1-SNAPSHOT with classifier  to /ecom-entity/target/classes
2023-04-26 12:07:05,765 [Worker-4: Updating Maven Project] INFO  o.e.m.c.i.l.LifecycleMappingFactory - Using org.eclipse.m2e.jdt.JarLifecycleMapping lifecycle mapping for MavenProject: com.example:e_commerce_orders:0.0.1-SNAPSHOT @ C:\Users\Pavan\Documents\Sts\gitEcom\ecommerce_orders\e_commerce_orders\pom.xml.
2023-04-26 12:07:05,791 [Worker-4: Updating Maven Project] INFO  o.e.m.c.i.p.WorkspaceClassifierResolverManager - Resolving P/ecom-entity: ecom:ecom-entity:0.0.1-SNAPSHOT with classifier  to /ecom-entity/target/classes
2023-04-26 12:07:05,851 [Worker-4: Updating Maven Project] INFO  o.e.m.c.i.l.LifecycleMappingFactory - Using org.eclipse.m2e.jdt.JarLifecycleMapping lifecycle mapping for MavenProject: com.Spring:e_commerce_seller:0.0.1-SNAPSHOT @ C:\Users\Pavan\Documents\Sts\gitEcom\ecommerce_seller\e_commerce_seller\pom.xml.
2023-04-26 12:07:05,876 [Worker-4: Updating Maven Project] INFO  o.e.m.c.i.p.WorkspaceClassifierResolverManager - Resolving P/ecom-entity: ecom:ecom-entity:0.0.1-SNAPSHOT with classifier  to /ecom-entity/target/classes
2023-04-26 12:07:05,940 [Worker-4: Updating Maven Project] INFO  o.e.m.c.i.l.LifecycleMappingFactory - Using org.eclipse.m2e.jdt.JarLifecycleMapping lifecycle mapping for MavenProject: com.Spring:e_commerce_user:0.0.1-SNAPSHOT @ C:\Users\Pavan\Documents\Sts\gitEcom\ecommerce_user\e_commerce_user\pom.xml.
2023-04-26 12:07:05,976 [Worker-4: Updating Maven Project] INFO  o.e.m.c.i.p.WorkspaceClassifierResolverManager - Resolving P/ecom-entity: ecom:ecom-entity:0.0.1-SNAPSHOT with classifier  to /ecom-entity/target/classes
2023-04-26 12:07:07,583 [Worker-4: Updating Maven Project] INFO  o.e.m.j.i.AbstractJavaProjectConfigurator - Adding source folder /e_commerce_admin/src/main/java
2023-04-26 12:07:07,584 [Worker-4: Updating Maven Project] INFO  o.e.m.j.i.AbstractJavaProjectConfigurator - Adding resource folder /e_commerce_admin/src/main/resources
2023-04-26 12:07:07,584 [Worker-4: Updating Maven Project] INFO  o.e.m.j.i.AbstractJavaProjectConfigurator - Adding resource folder /e_commerce_admin/src/main/resources
2023-04-26 12:07:07,585 [Worker-4: Updating Maven Project] INFO  o.e.m.j.i.AbstractJavaProjectConfigurator - Adding source folder /e_commerce_admin/src/test/java
2023-04-26 12:07:08,157 [Worker-4: Updating Maven Project] INFO  o.e.m.j.i.AbstractJavaProjectConfigurator - Adding source folder /e_commerce_orders/src/main/java
2023-04-26 12:07:08,158 [Worker-4: Updating Maven Project] INFO  o.e.m.j.i.AbstractJavaProjectConfigurator - Adding resource folder /e_commerce_orders/src/main/resources
2023-04-26 12:07:08,158 [Worker-4: Updating Maven Project] INFO  o.e.m.j.i.AbstractJavaProjectConfigurator - Adding resource folder /e_commerce_orders/src/main/resources
2023-04-26 12:07:08,158 [Worker-4: Updating Maven Project] INFO  o.e.m.j.i.AbstractJavaProjectConfigurator - Adding source folder /e_commerce_orders/src/test/java
2023-04-26 12:07:08,644 [Worker-4: Updating Maven Project] INFO  o.e.m.j.i.AbstractJavaProjectConfigurator - Adding source folder /e_commerce_seller/src/main/java
2023-04-26 12:07:08,644 [Worker-4: Updating Maven Project] INFO  o.e.m.j.i.AbstractJavaProjectConfigurator - Adding resource folder /e_commerce_seller/src/main/resources
2023-04-26 12:07:08,645 [Worker-4: Updating Maven Project] INFO  o.e.m.j.i.AbstractJavaProjectConfigurator - Adding resource folder /e_commerce_seller/src/main/resources
2023-04-26 12:07:08,645 [Worker-4: Updating Maven Project] INFO  o.e.m.j.i.AbstractJavaProjectConfigurator - Adding source folder /e_commerce_seller/src/test/java
2023-04-26 12:07:09,314 [Worker-4: Updating Maven Project] INFO  o.e.m.j.i.AbstractJavaProjectConfigurator - Adding source folder /e_commerce_user/src/main/java
2023-04-26 12:07:09,314 [Worker-4: Updating Maven Project] INFO  o.e.m.j.i.AbstractJavaProjectConfigurator - Adding resource folder /e_commerce_user/src/main/resources
2023-04-26 12:07:09,314 [Worker-4: Updating Maven Project] INFO  o.e.m.j.i.AbstractJavaProjectConfigurator - Adding resource folder /e_commerce_user/src/main/resources
2023-04-26 12:07:09,316 [Worker-4: Updating Maven Project] INFO  o.e.m.j.i.AbstractJavaProjectConfigurator - Adding source folder /e_commerce_user/src/test/java
2023-04-26 12:07:10,241 [Worker-4: Updating Maven Project] INFO  o.e.m.c.i.p.ProjectConfigurationManager - Update completed for 4 poms: local refresh takes 0.00 sec, refresh facades takes 3.00 sec, update config takes 2.00 sec 
2023-04-26 12:07:11,278 [Worker-4: Building] INFO  o.e.m.c.i.embedder.EclipseLogger - Using 'UTF-8' encoding to copy filtered resources.
2023-04-26 12:07:11,279 [Worker-4: Building] INFO  o.e.m.c.i.embedder.EclipseLogger - Using 'UTF-8' encoding to copy filtered properties files.
2023-04-26 12:07:11,285 [Worker-4: Building] INFO  o.e.m.c.i.embedder.EclipseLogger - Copying 1 resource
2023-04-26 12:07:11,307 [Worker-4: Building] INFO  o.e.m.c.i.embedder.EclipseLogger - Copying 0 resource
2023-04-26 12:07:11,313 [Worker-4: Building] INFO  o.e.m.c.i.embedder.EclipseLogger - Using 'UTF-8' encoding to copy filtered resources.
2023-04-26 12:07:11,313 [Worker-4: Building] INFO  o.e.m.c.i.embedder.EclipseLogger - Using 'UTF-8' encoding to copy filtered properties files.
2023-04-26 12:07:11,313 [Worker-4: Building] INFO  o.e.m.c.i.embedder.EclipseLogger - skip non existing resourceDirectory C:\Users\Pavan\Documents\Sts\gitEcom\ecom-entity\src\test\resources
2023-04-26 12:07:12,754 [Worker-4: Building] INFO  o.e.m.c.i.embedder.EclipseLogger - Using 'UTF-8' encoding to copy filtered resources.
2023-04-26 12:07:12,754 [Worker-4: Building] INFO  o.e.m.c.i.embedder.EclipseLogger - Using 'UTF-8' encoding to copy filtered properties files.
2023-04-26 12:07:12,755 [Worker-4: Building] INFO  o.e.m.c.i.embedder.EclipseLogger - Copying 1 resource
2023-04-26 12:07:12,776 [Worker-4: Building] INFO  o.e.m.c.i.embedder.EclipseLogger - Copying 0 resource
2023-04-26 12:07:12,781 [Worker-4: Building] INFO  o.e.m.c.i.embedder.EclipseLogger - Using 'UTF-8' encoding to copy filtered resources.
2023-04-26 12:07:12,781 [Worker-4: Building] INFO  o.e.m.c.i.embedder.EclipseLogger - Using 'UTF-8' encoding to copy filtered properties files.
2023-04-26 12:07:12,782 [Worker-4: Building] INFO  o.e.m.c.i.embedder.EclipseLogger - skip non existing resourceDirectory C:\Users\Pavan\Documents\Sts\gitEcom\ecommerce_user\e_commerce_user\src\test\resources
2023-04-26 12:07:13,770 [Worker-4: Building] INFO  o.e.m.c.i.embedder.EclipseLogger - Using 'UTF-8' encoding to copy filtered resources.
2023-04-26 12:07:13,770 [Worker-4: Building] INFO  o.e.m.c.i.embedder.EclipseLogger - Using 'UTF-8' encoding to copy filtered properties files.
2023-04-26 12:07:13,771 [Worker-4: Building] INFO  o.e.m.c.i.embedder.EclipseLogger - Copying 1 resource
2023-04-26 12:07:13,792 [Worker-4: Building] INFO  o.e.m.c.i.embedder.EclipseLogger - Copying 0 resource
2023-04-26 12:07:13,801 [Worker-4: Building] INFO  o.e.m.c.i.embedder.EclipseLogger - Using 'UTF-8' encoding to copy filtered resources.
2023-04-26 12:07:13,801 [Worker-4: Building] INFO  o.e.m.c.i.embedder.EclipseLogger - Using 'UTF-8' encoding to copy filtered properties files.
2023-04-26 12:07:13,802 [Worker-4: Building] INFO  o.e.m.c.i.embedder.EclipseLogger - skip non existing resourceDirectory C:\Users\Pavan\Documents\Sts\gitEcom\ecommerce_seller\e_commerce_seller\src\test\resources
2023-04-26 12:07:14,410 [Worker-4: Building] INFO  o.e.m.c.i.embedder.EclipseLogger - Using 'UTF-8' encoding to copy filtered resources.
2023-04-26 12:07:14,410 [Worker-4: Building] INFO  o.e.m.c.i.embedder.EclipseLogger - Using 'UTF-8' encoding to copy filtered properties files.
2023-04-26 12:07:14,411 [Worker-4: Building] INFO  o.e.m.c.i.embedder.EclipseLogger - Copying 1 resource
2023-04-26 12:07:14,431 [Worker-4: Building] INFO  o.e.m.c.i.embedder.EclipseLogger - Copying 1 resource
2023-04-26 12:07:14,441 [Worker-4: Building] INFO  o.e.m.c.i.embedder.EclipseLogger - Using 'UTF-8' encoding to copy filtered resources.
2023-04-26 12:07:14,442 [Worker-4: Building] INFO  o.e.m.c.i.embedder.EclipseLogger - Using 'UTF-8' encoding to copy filtered properties files.
2023-04-26 12:07:14,442 [Worker-4: Building] INFO  o.e.m.c.i.embedder.EclipseLogger - skip non existing resourceDirectory C:\Users\Pavan\Documents\Sts\gitEcom\ecommerce_orders\e_commerce_orders\src\test\resources
2023-04-26 12:07:14,926 [Worker-4: Building] INFO  o.e.m.c.i.embedder.EclipseLogger - Using 'UTF-8' encoding to copy filtered resources.
2023-04-26 12:07:14,926 [Worker-4: Building] INFO  o.e.m.c.i.embedder.EclipseLogger - Using 'UTF-8' encoding to copy filtered properties files.
2023-04-26 12:07:14,926 [Worker-4: Building] INFO  o.e.m.c.i.embedder.EclipseLogger - Copying 1 resource
2023-04-26 12:07:14,993 [Worker-4: Building] INFO  o.e.m.c.i.embedder.EclipseLogger - Copying 0 resource
2023-04-26 12:07:14,997 [Worker-4: Building] INFO  o.e.m.c.i.embedder.EclipseLogger - Using 'UTF-8' encoding to copy filtered resources.
2023-04-26 12:07:14,997 [Worker-4: Building] INFO  o.e.m.c.i.embedder.EclipseLogger - Using 'UTF-8' encoding to copy filtered properties files.
2023-04-26 12:07:14,997 [Worker-4: Building] INFO  o.e.m.c.i.embedder.EclipseLogger - skip non existing resourceDirectory C:\Users\Pavan\Documents\Sts\gitEcom\ecommerce_admin\e_commerce_admin\src\test\resources
2023-04-26 12:12:01,142 [Worker-13: Periodic workspace save.] ERROR o.e.m.c.i.p.r.ProjectRegistryReader - Can't write workspace state
java.io.FileNotFoundException: C:\Users\Pavan\Documents\Sts\gitEcom\.metadata\.plugins\org.eclipse.m2e.core\workspaceState.ser (The system cannot find the path specified)
	at java.base/java.io.FileOutputStream.open0(Native Method)
	at java.base/java.io.FileOutputStream.open(FileOutputStream.java:293)
	at java.base/java.io.FileOutputStream.<init>(FileOutputStream.java:235)
	at java.base/java.io.FileOutputStream.<init>(FileOutputStream.java:184)
	at org.eclipse.m2e.core.internal.project.registry.ProjectRegistryReader.createObjectOutputStream(ProjectRegistryReader.java:128)
	at org.eclipse.m2e.core.internal.project.registry.ProjectRegistryReader.writeWorkspaceState(ProjectRegistryReader.java:117)
	at org.eclipse.m2e.core.internal.project.registry.ProjectRegistryManager.writeWorkspaceState(ProjectRegistryManager.java:1009)
	at org.eclipse.m2e.core.internal.project.registry.ProjectRegistryManager.saving(ProjectRegistryManager.java:1160)
	at org.eclipse.core.internal.resources.SaveManager.executeLifecycle(SaveManager.java:393)
	at org.eclipse.core.internal.resources.SaveManager$1.run(SaveManager.java:209)
	at org.eclipse.core.runtime.SafeRunner.run(SafeRunner.java:45)
	at org.eclipse.core.internal.resources.SaveManager.broadcastLifecycle(SaveManager.java:212)
	at org.eclipse.core.internal.resources.SaveManager.save(SaveManager.java:1170)
	at org.eclipse.core.internal.resources.SaveManager.save(SaveManager.java:1149)
	at org.eclipse.core.internal.resources.DelayedSnapshotJob.run(DelayedSnapshotJob.java:51)
	at org.eclipse.core.internal.jobs.Worker.run(Worker.java:63)
2023-04-26 12:13:47,014 [Worker-14: Updating Maven Project] INFO  o.e.m.c.i.p.ProjectConfigurationManager - Update started
2023-04-26 12:13:47,819 [Worker-14: Updating Maven Project] INFO  o.e.m.c.i.l.LifecycleMappingFactory - Using org.eclipse.m2e.jdt.JarLifecycleMapping lifecycle mapping for MavenProject: com.Spring:e_commerce_admin:0.0.1-SNAPSHOT @ C:\Users\Pavan\Documents\Sts\gitEcom\ecommerce_admin\e_commerce_admin\pom.xml.
2023-04-26 12:13:48,013 [Worker-14: Updating Maven Project] INFO  o.e.m.c.i.p.WorkspaceClassifierResolverManager - Resolving P/ecom-entity: ecom:ecom-entity:0.0.1-SNAPSHOT with classifier  to /ecom-entity/target/classes
2023-04-26 12:13:48,069 [Worker-14: Updating Maven Project] INFO  o.e.m.c.i.l.LifecycleMappingFactory - Using org.eclipse.m2e.jdt.JarLifecycleMapping lifecycle mapping for MavenProject: com.example:e_commerce_orders:0.0.1-SNAPSHOT @ C:\Users\Pavan\Documents\Sts\gitEcom\ecommerce_orders\e_commerce_orders\pom.xml.
2023-04-26 12:13:48,092 [Worker-14: Updating Maven Project] INFO  o.e.m.c.i.p.WorkspaceClassifierResolverManager - Resolving P/ecom-entity: ecom:ecom-entity:0.0.1-SNAPSHOT with classifier  to /ecom-entity/target/classes
2023-04-26 12:13:48,135 [Worker-14: Updating Maven Project] INFO  o.e.m.c.i.l.LifecycleMappingFactory - Using org.eclipse.m2e.jdt.JarLifecycleMapping lifecycle mapping for MavenProject: com.Spring:e_commerce_seller:0.0.1-SNAPSHOT @ C:\Users\Pavan\Documents\Sts\gitEcom\ecommerce_seller\e_commerce_seller\pom.xml.
2023-04-26 12:13:48,155 [Worker-14: Updating Maven Project] INFO  o.e.m.c.i.p.WorkspaceClassifierResolverManager - Resolving P/ecom-entity: ecom:ecom-entity:0.0.1-SNAPSHOT with classifier  to /ecom-entity/target/classes
2023-04-26 12:13:48,202 [Worker-14: Updating Maven Project] INFO  o.e.m.c.i.l.LifecycleMappingFactory - Using org.eclipse.m2e.jdt.JarLifecycleMapping lifecycle mapping for MavenProject: com.Spring:e_commerce_user:0.0.1-SNAPSHOT @ C:\Users\Pavan\Documents\Sts\gitEcom\ecommerce_user\e_commerce_user\pom.xml.
2023-04-26 12:13:48,231 [Worker-14: Updating Maven Project] INFO  o.e.m.c.i.p.WorkspaceClassifierResolverManager - Resolving P/ecom-entity: ecom:ecom-entity:0.0.1-SNAPSHOT with classifier  to /ecom-entity/target/classes
2023-04-26 12:13:48,268 [Worker-14: Updating Maven Project] INFO  o.e.m.c.i.l.LifecycleMappingFactory - Using org.eclipse.m2e.jdt.JarLifecycleMapping lifecycle mapping for MavenProject: ecom:ecom-entity:0.0.1-SNAPSHOT @ C:\Users\Pavan\Documents\Sts\gitEcom\ecom-entity\pom.xml.
2023-04-26 12:13:48,526 [Worker-14: Updating Maven Project] ERROR o.e.m.jdt.internal.BuildPathManager - Can't save classpath container state for ecom-entity
java.io.FileNotFoundException: C:\Users\Pavan\Documents\Sts\gitEcom\.metadata\.plugins\org.eclipse.m2e.jdt\ecom-entity.container (The system cannot find the path specified)
	at java.base/java.io.FileOutputStream.open0(Native Method)
	at java.base/java.io.FileOutputStream.open(FileOutputStream.java:293)
	at java.base/java.io.FileOutputStream.<init>(FileOutputStream.java:235)
	at java.base/java.io.FileOutputStream.<init>(FileOutputStream.java:184)
	at org.eclipse.m2e.jdt.internal.BuildPathManager.saveContainerState(BuildPathManager.java:214)
	at org.eclipse.m2e.jdt.internal.BuildPathManager.updateClasspath(BuildPathManager.java:205)
	at org.eclipse.m2e.jdt.internal.BuildPathManager.mavenProjectChanged(BuildPathManager.java:189)
	at org.eclipse.m2e.core.internal.project.registry.ProjectRegistryManager.notifyProjectChangeListeners(ProjectRegistryManager.java:851)
	at org.eclipse.m2e.core.internal.project.registry.ProjectRegistryManager.applyMutableProjectRegistry(ProjectRegistryManager.java:1004)
	at org.eclipse.m2e.core.internal.project.registry.ProjectRegistryManager.refresh(ProjectRegistryManager.java:316)
	at org.eclipse.m2e.core.internal.project.ProjectConfigurationManager.updateProjectConfiguration0(ProjectConfigurationManager.java:388)
	at org.eclipse.m2e.core.internal.project.ProjectConfigurationManager.lambda$3(ProjectConfigurationManager.java:340)
	at org.eclipse.m2e.core.internal.embedder.MavenExecutionContext.executeBare(MavenExecutionContext.java:394)
	at org.eclipse.m2e.core.internal.embedder.MavenExecutionContext.execute(MavenExecutionContext.java:275)
	at org.eclipse.m2e.core.internal.embedder.MavenExecutionContext.execute(MavenExecutionContext.java:214)
	at org.eclipse.m2e.core.internal.embedder.MavenImpl.execute(MavenImpl.java:1097)
	at org.eclipse.m2e.core.internal.project.ProjectConfigurationManager.updateProjectConfiguration(ProjectConfigurationManager.java:339)
	at org.eclipse.m2e.core.ui.internal.UpdateMavenProjectJob.runInWorkspace(UpdateMavenProjectJob.java:80)
	at org.eclipse.core.internal.resources.InternalWorkspaceJob.run(InternalWorkspaceJob.java:43)
	at org.eclipse.core.internal.jobs.Worker.run(Worker.java:63)
2023-04-26 12:13:48,804 [Worker-14: Updating Maven Project] ERROR o.e.m.jdt.internal.BuildPathManager - Can't save classpath container state for e_commerce_admin
java.io.FileNotFoundException: C:\Users\Pavan\Documents\Sts\gitEcom\.metadata\.plugins\org.eclipse.m2e.jdt\e_commerce_admin.container (The system cannot find the path specified)
	at java.base/java.io.FileOutputStream.open0(Native Method)
	at java.base/java.io.FileOutputStream.open(FileOutputStream.java:293)
	at java.base/java.io.FileOutputStream.<init>(FileOutputStream.java:235)
	at java.base/java.io.FileOutputStream.<init>(FileOutputStream.java:184)
	at org.eclipse.m2e.jdt.internal.BuildPathManager.saveContainerState(BuildPathManager.java:214)
	at org.eclipse.m2e.jdt.internal.BuildPathManager.updateClasspath(BuildPathManager.java:205)
	at org.eclipse.m2e.jdt.internal.BuildPathManager.mavenProjectChanged(BuildPathManager.java:189)
	at org.eclipse.m2e.core.internal.project.registry.ProjectRegistryManager.notifyProjectChangeListeners(ProjectRegistryManager.java:851)
	at org.eclipse.m2e.core.internal.project.registry.ProjectRegistryManager.applyMutableProjectRegistry(ProjectRegistryManager.java:1004)
	at org.eclipse.m2e.core.internal.project.registry.ProjectRegistryManager.refresh(ProjectRegistryManager.java:316)
	at org.eclipse.m2e.core.internal.project.ProjectConfigurationManager.updateProjectConfiguration0(ProjectConfigurationManager.java:388)
	at org.eclipse.m2e.core.internal.project.ProjectConfigurationManager.lambda$3(ProjectConfigurationManager.java:340)
	at org.eclipse.m2e.core.internal.embedder.MavenExecutionContext.executeBare(MavenExecutionContext.java:394)
	at org.eclipse.m2e.core.internal.embedder.MavenExecutionContext.execute(MavenExecutionContext.java:275)
	at org.eclipse.m2e.core.internal.embedder.MavenExecutionContext.execute(MavenExecutionContext.java:214)
	at org.eclipse.m2e.core.internal.embedder.MavenImpl.execute(MavenImpl.java:1097)
	at org.eclipse.m2e.core.internal.project.ProjectConfigurationManager.updateProjectConfiguration(ProjectConfigurationManager.java:339)
	at org.eclipse.m2e.core.ui.internal.UpdateMavenProjectJob.runInWorkspace(UpdateMavenProjectJob.java:80)
	at org.eclipse.core.internal.resources.InternalWorkspaceJob.run(InternalWorkspaceJob.java:43)
	at org.eclipse.core.internal.jobs.Worker.run(Worker.java:63)
2023-04-26 12:13:49,013 [Worker-14: Updating Maven Project] ERROR o.e.m.jdt.internal.BuildPathManager - Can't save classpath container state for e_commerce_user
java.io.FileNotFoundException: C:\Users\Pavan\Documents\Sts\gitEcom\.metadata\.plugins\org.eclipse.m2e.jdt\e_commerce_user.container (The system cannot find the path specified)
	at java.base/java.io.FileOutputStream.open0(Native Method)
	at java.base/java.io.FileOutputStream.open(FileOutputStream.java:293)
	at java.base/java.io.FileOutputStream.<init>(FileOutputStream.java:235)
	at java.base/java.io.FileOutputStream.<init>(FileOutputStream.java:184)
	at org.eclipse.m2e.jdt.internal.BuildPathManager.saveContainerState(BuildPathManager.java:214)
	at org.eclipse.m2e.jdt.internal.BuildPathManager.updateClasspath(BuildPathManager.java:205)
	at org.eclipse.m2e.jdt.internal.BuildPathManager.mavenProjectChanged(BuildPathManager.java:189)
	at org.eclipse.m2e.core.internal.project.registry.ProjectRegistryManager.notifyProjectChangeListeners(ProjectRegistryManager.java:851)
	at org.eclipse.m2e.core.internal.project.registry.ProjectRegistryManager.applyMutableProjectRegistry(ProjectRegistryManager.java:1004)
	at org.eclipse.m2e.core.internal.project.registry.ProjectRegistryManager.refresh(ProjectRegistryManager.java:316)
	at org.eclipse.m2e.core.internal.project.ProjectConfigurationManager.updateProjectConfiguration0(ProjectConfigurationManager.java:388)
	at org.eclipse.m2e.core.internal.project.ProjectConfigurationManager.lambda$3(ProjectConfigurationManager.java:340)
	at org.eclipse.m2e.core.internal.embedder.MavenExecutionContext.executeBare(MavenExecutionContext.java:394)
	at org.eclipse.m2e.core.internal.embedder.MavenExecutionContext.execute(MavenExecutionContext.java:275)
	at org.eclipse.m2e.core.internal.embedder.MavenExecutionContext.execute(MavenExecutionContext.java:214)
	at org.eclipse.m2e.core.internal.embedder.MavenImpl.execute(MavenImpl.java:1097)
	at org.eclipse.m2e.core.internal.project.ProjectConfigurationManager.updateProjectConfiguration(ProjectConfigurationManager.java:339)
	at org.eclipse.m2e.core.ui.internal.UpdateMavenProjectJob.runInWorkspace(UpdateMavenProjectJob.java:80)
	at org.eclipse.core.internal.resources.InternalWorkspaceJob.run(InternalWorkspaceJob.java:43)
	at org.eclipse.core.internal.jobs.Worker.run(Worker.java:63)
2023-04-26 12:13:49,273 [Worker-14: Updating Maven Project] ERROR o.e.m.jdt.internal.BuildPathManager - Can't save classpath container state for e_commerce_orders
java.io.FileNotFoundException: C:\Users\Pavan\Documents\Sts\gitEcom\.metadata\.plugins\org.eclipse.m2e.jdt\e_commerce_orders.container (The system cannot find the path specified)
	at java.base/java.io.FileOutputStream.open0(Native Method)
	at java.base/java.io.FileOutputStream.open(FileOutputStream.java:293)
	at java.base/java.io.FileOutputStream.<init>(FileOutputStream.java:235)
	at java.base/java.io.FileOutputStream.<init>(FileOutputStream.java:184)
	at org.eclipse.m2e.jdt.internal.BuildPathManager.saveContainerState(BuildPathManager.java:214)
	at org.eclipse.m2e.jdt.internal.BuildPathManager.updateClasspath(BuildPathManager.java:205)
	at org.eclipse.m2e.jdt.internal.BuildPathManager.mavenProjectChanged(BuildPathManager.java:189)
	at org.eclipse.m2e.core.internal.project.registry.ProjectRegistryManager.notifyProjectChangeListeners(ProjectRegistryManager.java:851)
	at org.eclipse.m2e.core.internal.project.registry.ProjectRegistryManager.applyMutableProjectRegistry(ProjectRegistryManager.java:1004)
	at org.eclipse.m2e.core.internal.project.registry.ProjectRegistryManager.refresh(ProjectRegistryManager.java:316)
	at org.eclipse.m2e.core.internal.project.ProjectConfigurationManager.updateProjectConfiguration0(ProjectConfigurationManager.java:388)
	at org.eclipse.m2e.core.internal.project.ProjectConfigurationManager.lambda$3(ProjectConfigurationManager.java:340)
	at org.eclipse.m2e.core.internal.embedder.MavenExecutionContext.executeBare(MavenExecutionContext.java:394)
	at org.eclipse.m2e.core.internal.embedder.MavenExecutionContext.execute(MavenExecutionContext.java:275)
	at org.eclipse.m2e.core.internal.embedder.MavenExecutionContext.execute(MavenExecutionContext.java:214)
	at org.eclipse.m2e.core.internal.embedder.MavenImpl.execute(MavenImpl.java:1097)
	at org.eclipse.m2e.core.internal.project.ProjectConfigurationManager.updateProjectConfiguration(ProjectConfigurationManager.java:339)
	at org.eclipse.m2e.core.ui.internal.UpdateMavenProjectJob.runInWorkspace(UpdateMavenProjectJob.java:80)
	at org.eclipse.core.internal.resources.InternalWorkspaceJob.run(InternalWorkspaceJob.java:43)
	at org.eclipse.core.internal.jobs.Worker.run(Worker.java:63)
2023-04-26 12:13:49,524 [Worker-14: Updating Maven Project] ERROR o.e.m.jdt.internal.BuildPathManager - Can't save classpath container state for e_commerce_seller
java.io.FileNotFoundException: C:\Users\Pavan\Documents\Sts\gitEcom\.metadata\.plugins\org.eclipse.m2e.jdt\e_commerce_seller.container (The system cannot find the path specified)
	at java.base/java.io.FileOutputStream.open0(Native Method)
	at java.base/java.io.FileOutputStream.open(FileOutputStream.java:293)
	at java.base/java.io.FileOutputStream.<init>(FileOutputStream.java:235)
	at java.base/java.io.FileOutputStream.<init>(FileOutputStream.java:184)
	at org.eclipse.m2e.jdt.internal.BuildPathManager.saveContainerState(BuildPathManager.java:214)
	at org.eclipse.m2e.jdt.internal.BuildPathManager.updateClasspath(BuildPathManager.java:205)
	at org.eclipse.m2e.jdt.internal.BuildPathManager.mavenProjectChanged(BuildPathManager.java:189)
	at org.eclipse.m2e.core.internal.project.registry.ProjectRegistryManager.notifyProjectChangeListeners(ProjectRegistryManager.java:851)
	at org.eclipse.m2e.core.internal.project.registry.ProjectRegistryManager.applyMutableProjectRegistry(ProjectRegistryManager.java:1004)
	at org.eclipse.m2e.core.internal.project.registry.ProjectRegistryManager.refresh(ProjectRegistryManager.java:316)
	at org.eclipse.m2e.core.internal.project.ProjectConfigurationManager.updateProjectConfiguration0(ProjectConfigurationManager.java:388)
	at org.eclipse.m2e.core.internal.project.ProjectConfigurationManager.lambda$3(ProjectConfigurationManager.java:340)
	at org.eclipse.m2e.core.internal.embedder.MavenExecutionContext.executeBare(MavenExecutionContext.java:394)
	at org.eclipse.m2e.core.internal.embedder.MavenExecutionContext.execute(MavenExecutionContext.java:275)
	at org.eclipse.m2e.core.internal.embedder.MavenExecutionContext.execute(MavenExecutionContext.java:214)
	at org.eclipse.m2e.core.internal.embedder.MavenImpl.execute(MavenImpl.java:1097)
	at org.eclipse.m2e.core.internal.project.ProjectConfigurationManager.updateProjectConfiguration(ProjectConfigurationManager.java:339)
	at org.eclipse.m2e.core.ui.internal.UpdateMavenProjectJob.runInWorkspace(UpdateMavenProjectJob.java:80)
	at org.eclipse.core.internal.resources.InternalWorkspaceJob.run(InternalWorkspaceJob.java:43)
	at org.eclipse.core.internal.jobs.Worker.run(Worker.java:63)
2023-04-26 12:13:49,579 [Worker-14: Updating Maven Project] INFO  o.e.m.j.i.AbstractJavaProjectConfigurator - Adding source folder /e_commerce_admin/src/main/java
2023-04-26 12:13:49,580 [Worker-14: Updating Maven Project] INFO  o.e.m.j.i.AbstractJavaProjectConfigurator - Adding resource folder /e_commerce_admin/src/main/resources
2023-04-26 12:13:49,580 [Worker-14: Updating Maven Project] INFO  o.e.m.j.i.AbstractJavaProjectConfigurator - Adding resource folder /e_commerce_admin/src/main/resources
2023-04-26 12:13:49,580 [Worker-14: Updating Maven Project] INFO  o.e.m.j.i.AbstractJavaProjectConfigurator - Adding source folder /e_commerce_admin/src/test/java
2023-04-26 12:13:49,866 [Worker-14: Updating Maven Project] ERROR o.e.m.jdt.internal.BuildPathManager - Can't save classpath container state for e_commerce_admin
java.io.FileNotFoundException: C:\Users\Pavan\Documents\Sts\gitEcom\.metadata\.plugins\org.eclipse.m2e.jdt\e_commerce_admin.container (The system cannot find the path specified)
	at java.base/java.io.FileOutputStream.open0(Native Method)
	at java.base/java.io.FileOutputStream.open(FileOutputStream.java:293)
	at java.base/java.io.FileOutputStream.<init>(FileOutputStream.java:235)
	at java.base/java.io.FileOutputStream.<init>(FileOutputStream.java:184)
	at org.eclipse.m2e.jdt.internal.BuildPathManager.saveContainerState(BuildPathManager.java:214)
	at org.eclipse.m2e.jdt.internal.BuildPathManager.updateClasspath(BuildPathManager.java:205)
	at org.eclipse.m2e.jdt.internal.AbstractJavaProjectConfigurator.configure(AbstractJavaProjectConfigurator.java:184)
	at org.eclipse.m2e.core.project.configurator.AbstractLifecycleMapping.configure(AbstractLifecycleMapping.java:123)
	at org.eclipse.m2e.core.internal.project.ProjectConfigurationManager.lambda$6(ProjectConfigurationManager.java:504)
	at org.eclipse.m2e.core.internal.embedder.MavenExecutionContext.executeBare(MavenExecutionContext.java:394)
	at org.eclipse.m2e.core.internal.embedder.MavenExecutionContext.execute(MavenExecutionContext.java:275)
	at org.eclipse.m2e.core.internal.project.ProjectConfigurationManager.updateProjectConfiguration(ProjectConfigurationManager.java:498)
	at org.eclipse.m2e.core.internal.project.ProjectConfigurationManager.lambda$4(ProjectConfigurationManager.java:426)
	at java.base/java.util.Collection.removeIf(Collection.java:576)
	at org.eclipse.m2e.core.internal.project.ProjectConfigurationManager.updateProjectConfiguration0(ProjectConfigurationManager.java:414)
	at org.eclipse.m2e.core.internal.project.ProjectConfigurationManager.lambda$3(ProjectConfigurationManager.java:340)
	at org.eclipse.m2e.core.internal.embedder.MavenExecutionContext.executeBare(MavenExecutionContext.java:394)
	at org.eclipse.m2e.core.internal.embedder.MavenExecutionContext.execute(MavenExecutionContext.java:275)
	at org.eclipse.m2e.core.internal.embedder.MavenExecutionContext.execute(MavenExecutionContext.java:214)
	at org.eclipse.m2e.core.internal.embedder.MavenImpl.execute(MavenImpl.java:1097)
	at org.eclipse.m2e.core.internal.project.ProjectConfigurationManager.updateProjectConfiguration(ProjectConfigurationManager.java:339)
	at org.eclipse.m2e.core.ui.internal.UpdateMavenProjectJob.runInWorkspace(UpdateMavenProjectJob.java:80)
	at org.eclipse.core.internal.resources.InternalWorkspaceJob.run(InternalWorkspaceJob.java:43)
	at org.eclipse.core.internal.jobs.Worker.run(Worker.java:63)
2023-04-26 12:13:50,078 [Worker-14: Updating Maven Project] INFO  o.e.m.j.i.AbstractJavaProjectConfigurator - Adding source folder /e_commerce_orders/src/main/java
2023-04-26 12:13:50,078 [Worker-14: Updating Maven Project] INFO  o.e.m.j.i.AbstractJavaProjectConfigurator - Adding resource folder /e_commerce_orders/src/main/resources
2023-04-26 12:13:50,078 [Worker-14: Updating Maven Project] INFO  o.e.m.j.i.AbstractJavaProjectConfigurator - Adding resource folder /e_commerce_orders/src/main/resources
2023-04-26 12:13:50,078 [Worker-14: Updating Maven Project] INFO  o.e.m.j.i.AbstractJavaProjectConfigurator - Adding source folder /e_commerce_orders/src/test/java
2023-04-26 12:13:50,273 [Worker-14: Updating Maven Project] ERROR o.e.m.jdt.internal.BuildPathManager - Can't save classpath container state for e_commerce_orders
java.io.FileNotFoundException: C:\Users\Pavan\Documents\Sts\gitEcom\.metadata\.plugins\org.eclipse.m2e.jdt\e_commerce_orders.container (The system cannot find the path specified)
	at java.base/java.io.FileOutputStream.open0(Native Method)
	at java.base/java.io.FileOutputStream.open(FileOutputStream.java:293)
	at java.base/java.io.FileOutputStream.<init>(FileOutputStream.java:235)
	at java.base/java.io.FileOutputStream.<init>(FileOutputStream.java:184)
	at org.eclipse.m2e.jdt.internal.BuildPathManager.saveContainerState(BuildPathManager.java:214)
	at org.eclipse.m2e.jdt.internal.BuildPathManager.updateClasspath(BuildPathManager.java:205)
	at org.eclipse.m2e.jdt.internal.AbstractJavaProjectConfigurator.configure(AbstractJavaProjectConfigurator.java:184)
	at org.eclipse.m2e.core.project.configurator.AbstractLifecycleMapping.configure(AbstractLifecycleMapping.java:123)
	at org.eclipse.m2e.core.internal.project.ProjectConfigurationManager.lambda$6(ProjectConfigurationManager.java:504)
	at org.eclipse.m2e.core.internal.embedder.MavenExecutionContext.executeBare(MavenExecutionContext.java:394)
	at org.eclipse.m2e.core.internal.embedder.MavenExecutionContext.execute(MavenExecutionContext.java:275)
	at org.eclipse.m2e.core.internal.project.ProjectConfigurationManager.updateProjectConfiguration(ProjectConfigurationManager.java:498)
	at org.eclipse.m2e.core.internal.project.ProjectConfigurationManager.lambda$4(ProjectConfigurationManager.java:426)
	at java.base/java.util.Collection.removeIf(Collection.java:576)
	at org.eclipse.m2e.core.internal.project.ProjectConfigurationManager.updateProjectConfiguration0(ProjectConfigurationManager.java:414)
	at org.eclipse.m2e.core.internal.project.ProjectConfigurationManager.lambda$3(ProjectConfigurationManager.java:340)
	at org.eclipse.m2e.core.internal.embedder.MavenExecutionContext.executeBare(MavenExecutionContext.java:394)
	at org.eclipse.m2e.core.internal.embedder.MavenExecutionContext.execute(MavenExecutionContext.java:275)
	at org.eclipse.m2e.core.internal.embedder.MavenExecutionContext.execute(MavenExecutionContext.java:214)
	at org.eclipse.m2e.core.internal.embedder.MavenImpl.execute(MavenImpl.java:1097)
	at org.eclipse.m2e.core.internal.project.ProjectConfigurationManager.updateProjectConfiguration(ProjectConfigurationManager.java:339)
	at org.eclipse.m2e.core.ui.internal.UpdateMavenProjectJob.runInWorkspace(UpdateMavenProjectJob.java:80)
	at org.eclipse.core.internal.resources.InternalWorkspaceJob.run(InternalWorkspaceJob.java:43)
	at org.eclipse.core.internal.jobs.Worker.run(Worker.java:63)
2023-04-26 12:13:50,597 [Worker-14: Updating Maven Project] INFO  o.e.m.j.i.AbstractJavaProjectConfigurator - Adding source folder /e_commerce_seller/src/main/java
2023-04-26 12:13:50,598 [Worker-14: Updating Maven Project] INFO  o.e.m.j.i.AbstractJavaProjectConfigurator - Adding resource folder /e_commerce_seller/src/main/resources
2023-04-26 12:13:50,598 [Worker-14: Updating Maven Project] INFO  o.e.m.j.i.AbstractJavaProjectConfigurator - Adding resource folder /e_commerce_seller/src/main/resources
2023-04-26 12:13:50,599 [Worker-14: Updating Maven Project] INFO  o.e.m.j.i.AbstractJavaProjectConfigurator - Adding source folder /e_commerce_seller/src/test/java
2023-04-26 12:13:51,143 [Worker-14: Updating Maven Project] ERROR o.e.m.jdt.internal.BuildPathManager - Can't save classpath container state for e_commerce_seller
java.io.FileNotFoundException: C:\Users\Pavan\Documents\Sts\gitEcom\.metadata\.plugins\org.eclipse.m2e.jdt\e_commerce_seller.container (The system cannot find the path specified)
	at java.base/java.io.FileOutputStream.open0(Native Method)
	at java.base/java.io.FileOutputStream.open(FileOutputStream.java:293)
	at java.base/java.io.FileOutputStream.<init>(FileOutputStream.java:235)
	at java.base/java.io.FileOutputStream.<init>(FileOutputStream.java:184)
	at org.eclipse.m2e.jdt.internal.BuildPathManager.saveContainerState(BuildPathManager.java:214)
	at org.eclipse.m2e.jdt.internal.BuildPathManager.updateClasspath(BuildPathManager.java:205)
	at org.eclipse.m2e.jdt.internal.AbstractJavaProjectConfigurator.configure(AbstractJavaProjectConfigurator.java:184)
	at org.eclipse.m2e.core.project.configurator.AbstractLifecycleMapping.configure(AbstractLifecycleMapping.java:123)
	at org.eclipse.m2e.core.internal.project.ProjectConfigurationManager.lambda$6(ProjectConfigurationManager.java:504)
	at org.eclipse.m2e.core.internal.embedder.MavenExecutionContext.executeBare(MavenExecutionContext.java:394)
	at org.eclipse.m2e.core.internal.embedder.MavenExecutionContext.execute(MavenExecutionContext.java:275)
	at org.eclipse.m2e.core.internal.project.ProjectConfigurationManager.updateProjectConfiguration(ProjectConfigurationManager.java:498)
	at org.eclipse.m2e.core.internal.project.ProjectConfigurationManager.lambda$4(ProjectConfigurationManager.java:426)
	at java.base/java.util.Collection.removeIf(Collection.java:576)
	at org.eclipse.m2e.core.internal.project.ProjectConfigurationManager.updateProjectConfiguration0(ProjectConfigurationManager.java:414)
	at org.eclipse.m2e.core.internal.project.ProjectConfigurationManager.lambda$3(ProjectConfigurationManager.java:340)
	at org.eclipse.m2e.core.internal.embedder.MavenExecutionContext.executeBare(MavenExecutionContext.java:394)
	at org.eclipse.m2e.core.internal.embedder.MavenExecutionContext.execute(MavenExecutionContext.java:275)
	at org.eclipse.m2e.core.internal.embedder.MavenExecutionContext.execute(MavenExecutionContext.java:214)
	at org.eclipse.m2e.core.internal.embedder.MavenImpl.execute(MavenImpl.java:1097)
	at org.eclipse.m2e.core.internal.project.ProjectConfigurationManager.updateProjectConfiguration(ProjectConfigurationManager.java:339)
	at org.eclipse.m2e.core.ui.internal.UpdateMavenProjectJob.runInWorkspace(UpdateMavenProjectJob.java:80)
	at org.eclipse.core.internal.resources.InternalWorkspaceJob.run(InternalWorkspaceJob.java:43)
	at org.eclipse.core.internal.jobs.Worker.run(Worker.java:63)
2023-04-26 12:13:51,316 [Worker-14: Updating Maven Project] INFO  o.e.m.j.i.AbstractJavaProjectConfigurator - Adding source folder /e_commerce_user/src/main/java
2023-04-26 12:13:51,316 [Worker-14: Updating Maven Project] INFO  o.e.m.j.i.AbstractJavaProjectConfigurator - Adding resource folder /e_commerce_user/src/main/resources
2023-04-26 12:13:51,316 [Worker-14: Updating Maven Project] INFO  o.e.m.j.i.AbstractJavaProjectConfigurator - Adding resource folder /e_commerce_user/src/main/resources
2023-04-26 12:13:51,316 [Worker-14: Updating Maven Project] INFO  o.e.m.j.i.AbstractJavaProjectConfigurator - Adding source folder /e_commerce_user/src/test/java
2023-04-26 12:13:51,649 [Worker-14: Updating Maven Project] ERROR o.e.m.jdt.internal.BuildPathManager - Can't save classpath container state for e_commerce_user
java.io.FileNotFoundException: C:\Users\Pavan\Documents\Sts\gitEcom\.metadata\.plugins\org.eclipse.m2e.jdt\e_commerce_user.container (The system cannot find the path specified)
	at java.base/java.io.FileOutputStream.open0(Native Method)
	at java.base/java.io.FileOutputStream.open(FileOutputStream.java:293)
	at java.base/java.io.FileOutputStream.<init>(FileOutputStream.java:235)
	at java.base/java.io.FileOutputStream.<init>(FileOutputStream.java:184)
	at org.eclipse.m2e.jdt.internal.BuildPathManager.saveContainerState(BuildPathManager.java:214)
	at org.eclipse.m2e.jdt.internal.BuildPathManager.updateClasspath(BuildPathManager.java:205)
	at org.eclipse.m2e.jdt.internal.AbstractJavaProjectConfigurator.configure(AbstractJavaProjectConfigurator.java:184)
	at org.eclipse.m2e.core.project.configurator.AbstractLifecycleMapping.configure(AbstractLifecycleMapping.java:123)
	at org.eclipse.m2e.core.internal.project.ProjectConfigurationManager.lambda$6(ProjectConfigurationManager.java:504)
	at org.eclipse.m2e.core.internal.embedder.MavenExecutionContext.executeBare(MavenExecutionContext.java:394)
	at org.eclipse.m2e.core.internal.embedder.MavenExecutionContext.execute(MavenExecutionContext.java:275)
	at org.eclipse.m2e.core.internal.project.ProjectConfigurationManager.updateProjectConfiguration(ProjectConfigurationManager.java:498)
	at org.eclipse.m2e.core.internal.project.ProjectConfigurationManager.lambda$4(ProjectConfigurationManager.java:426)
	at java.base/java.util.Collection.removeIf(Collection.java:576)
	at org.eclipse.m2e.core.internal.project.ProjectConfigurationManager.updateProjectConfiguration0(ProjectConfigurationManager.java:414)
	at org.eclipse.m2e.core.internal.project.ProjectConfigurationManager.lambda$3(ProjectConfigurationManager.java:340)
	at org.eclipse.m2e.core.internal.embedder.MavenExecutionContext.executeBare(MavenExecutionContext.java:394)
	at org.eclipse.m2e.core.internal.embedder.MavenExecutionContext.execute(MavenExecutionContext.java:275)
	at org.eclipse.m2e.core.internal.embedder.MavenExecutionContext.execute(MavenExecutionContext.java:214)
	at org.eclipse.m2e.core.internal.embedder.MavenImpl.execute(MavenImpl.java:1097)
	at org.eclipse.m2e.core.internal.project.ProjectConfigurationManager.updateProjectConfiguration(ProjectConfigurationManager.java:339)
	at org.eclipse.m2e.core.ui.internal.UpdateMavenProjectJob.runInWorkspace(UpdateMavenProjectJob.java:80)
	at org.eclipse.core.internal.resources.InternalWorkspaceJob.run(InternalWorkspaceJob.java:43)
	at org.eclipse.core.internal.jobs.Worker.run(Worker.java:63)
2023-04-26 12:13:51,786 [Worker-14: Updating Maven Project] INFO  o.e.m.j.i.AbstractJavaProjectConfigurator - Adding source folder /ecom-entity/src/main/java
2023-04-26 12:13:51,787 [Worker-14: Updating Maven Project] INFO  o.e.m.j.i.AbstractJavaProjectConfigurator - Adding resource folder /ecom-entity/src/main/resources
2023-04-26 12:13:51,787 [Worker-14: Updating Maven Project] INFO  o.e.m.j.i.AbstractJavaProjectConfigurator - Adding resource folder /ecom-entity/src/main/resources
2023-04-26 12:13:51,787 [Worker-14: Updating Maven Project] INFO  o.e.m.j.i.AbstractJavaProjectConfigurator - Adding source folder /ecom-entity/src/test/java
2023-04-26 12:13:52,118 [Worker-14: Updating Maven Project] ERROR o.e.m.jdt.internal.BuildPathManager - Can't save classpath container state for ecom-entity
java.io.FileNotFoundException: C:\Users\Pavan\Documents\Sts\gitEcom\.metadata\.plugins\org.eclipse.m2e.jdt\ecom-entity.container (The system cannot find the path specified)
	at java.base/java.io.FileOutputStream.open0(Native Method)
	at java.base/java.io.FileOutputStream.open(FileOutputStream.java:293)
	at java.base/java.io.FileOutputStream.<init>(FileOutputStream.java:235)
	at java.base/java.io.FileOutputStream.<init>(FileOutputStream.java:184)
	at org.eclipse.m2e.jdt.internal.BuildPathManager.saveContainerState(BuildPathManager.java:214)
	at org.eclipse.m2e.jdt.internal.BuildPathManager.updateClasspath(BuildPathManager.java:205)
	at org.eclipse.m2e.jdt.internal.AbstractJavaProjectConfigurator.configure(AbstractJavaProjectConfigurator.java:184)
	at org.eclipse.m2e.core.project.configurator.AbstractLifecycleMapping.configure(AbstractLifecycleMapping.java:123)
	at org.eclipse.m2e.core.internal.project.ProjectConfigurationManager.lambda$6(ProjectConfigurationManager.java:504)
	at org.eclipse.m2e.core.internal.embedder.MavenExecutionContext.executeBare(MavenExecutionContext.java:394)
	at org.eclipse.m2e.core.internal.embedder.MavenExecutionContext.execute(MavenExecutionContext.java:275)
	at org.eclipse.m2e.core.internal.project.ProjectConfigurationManager.updateProjectConfiguration(ProjectConfigurationManager.java:498)
	at org.eclipse.m2e.core.internal.project.ProjectConfigurationManager.lambda$4(ProjectConfigurationManager.java:426)
	at java.base/java.util.Collection.removeIf(Collection.java:576)
	at org.eclipse.m2e.core.internal.project.ProjectConfigurationManager.updateProjectConfiguration0(ProjectConfigurationManager.java:414)
	at org.eclipse.m2e.core.internal.project.ProjectConfigurationManager.lambda$3(ProjectConfigurationManager.java:340)
	at org.eclipse.m2e.core.internal.embedder.MavenExecutionContext.executeBare(MavenExecutionContext.java:394)
	at org.eclipse.m2e.core.internal.embedder.MavenExecutionContext.execute(MavenExecutionContext.java:275)
	at org.eclipse.m2e.core.internal.embedder.MavenExecutionContext.execute(MavenExecutionContext.java:214)
	at org.eclipse.m2e.core.internal.embedder.MavenImpl.execute(MavenImpl.java:1097)
	at org.eclipse.m2e.core.internal.project.ProjectConfigurationManager.updateProjectConfiguration(ProjectConfigurationManager.java:339)
	at org.eclipse.m2e.core.ui.internal.UpdateMavenProjectJob.runInWorkspace(UpdateMavenProjectJob.java:80)
	at org.eclipse.core.internal.resources.InternalWorkspaceJob.run(InternalWorkspaceJob.java:43)
	at org.eclipse.core.internal.jobs.Worker.run(Worker.java:63)
2023-04-26 12:13:52,667 [Worker-14: Updating Maven Project] INFO  o.e.m.c.i.p.ProjectConfigurationManager - Update completed for 5 poms: local refresh takes 0.00 sec, refresh facades takes 2.00 sec, update config takes 2.00 sec 
2023-04-26 12:13:53,262 [Worker-16: Building] INFO  o.e.m.c.i.embedder.EclipseLogger - Using 'UTF-8' encoding to copy filtered resources.
2023-04-26 12:13:53,262 [Worker-16: Building] INFO  o.e.m.c.i.embedder.EclipseLogger - Using 'UTF-8' encoding to copy filtered properties files.
2023-04-26 12:13:53,263 [Worker-16: Building] INFO  o.e.m.c.i.embedder.EclipseLogger - Copying 1 resource
2023-04-26 12:13:53,281 [Worker-16: Building] INFO  o.e.m.c.i.embedder.EclipseLogger - Copying 0 resource
2023-04-26 12:13:53,285 [Worker-16: Building] INFO  o.e.m.c.i.embedder.EclipseLogger - Using 'UTF-8' encoding to copy filtered resources.
2023-04-26 12:13:53,285 [Worker-16: Building] INFO  o.e.m.c.i.embedder.EclipseLogger - Using 'UTF-8' encoding to copy filtered properties files.
2023-04-26 12:13:53,285 [Worker-16: Building] INFO  o.e.m.c.i.embedder.EclipseLogger - skip non existing resourceDirectory C:\Users\Pavan\Documents\Sts\gitEcom\ecom-entity\src\test\resources
2023-04-26 12:13:53,742 [Worker-16: Building] INFO  o.e.m.c.i.embedder.EclipseLogger - Using 'UTF-8' encoding to copy filtered resources.
2023-04-26 12:13:53,742 [Worker-16: Building] INFO  o.e.m.c.i.embedder.EclipseLogger - Using 'UTF-8' encoding to copy filtered properties files.
2023-04-26 12:13:53,742 [Worker-16: Building] INFO  o.e.m.c.i.embedder.EclipseLogger - Copying 1 resource
2023-04-26 12:13:53,756 [Worker-16: Building] INFO  o.e.m.c.i.embedder.EclipseLogger - Copying 0 resource
2023-04-26 12:13:53,759 [Worker-16: Building] INFO  o.e.m.c.i.embedder.EclipseLogger - Using 'UTF-8' encoding to copy filtered resources.
2023-04-26 12:13:53,759 [Worker-16: Building] INFO  o.e.m.c.i.embedder.EclipseLogger - Using 'UTF-8' encoding to copy filtered properties files.
2023-04-26 12:13:53,759 [Worker-16: Building] INFO  o.e.m.c.i.embedder.EclipseLogger - skip non existing resourceDirectory C:\Users\Pavan\Documents\Sts\gitEcom\ecommerce_user\e_commerce_user\src\test\resources
2023-04-26 12:13:54,239 [Worker-16: Building] INFO  o.e.m.c.i.embedder.EclipseLogger - Using 'UTF-8' encoding to copy filtered resources.
2023-04-26 12:13:54,239 [Worker-16: Building] INFO  o.e.m.c.i.embedder.EclipseLogger - Using 'UTF-8' encoding to copy filtered properties files.
2023-04-26 12:13:54,241 [Worker-16: Building] INFO  o.e.m.c.i.embedder.EclipseLogger - Copying 1 resource
2023-04-26 12:13:54,257 [Worker-16: Building] INFO  o.e.m.c.i.embedder.EclipseLogger - Copying 0 resource
2023-04-26 12:13:54,263 [Worker-16: Building] INFO  o.e.m.c.i.embedder.EclipseLogger - Using 'UTF-8' encoding to copy filtered resources.
2023-04-26 12:13:54,263 [Worker-16: Building] INFO  o.e.m.c.i.embedder.EclipseLogger - Using 'UTF-8' encoding to copy filtered properties files.
2023-04-26 12:13:54,263 [Worker-16: Building] INFO  o.e.m.c.i.embedder.EclipseLogger - skip non existing resourceDirectory C:\Users\Pavan\Documents\Sts\gitEcom\ecommerce_seller\e_commerce_seller\src\test\resources
2023-04-26 12:13:54,753 [Worker-16: Building] INFO  o.e.m.c.i.embedder.EclipseLogger - Using 'UTF-8' encoding to copy filtered resources.
2023-04-26 12:13:54,754 [Worker-16: Building] INFO  o.e.m.c.i.embedder.EclipseLogger - Using 'UTF-8' encoding to copy filtered properties files.
2023-04-26 12:13:54,754 [Worker-16: Building] INFO  o.e.m.c.i.embedder.EclipseLogger - Copying 1 resource
2023-04-26 12:13:54,771 [Worker-16: Building] INFO  o.e.m.c.i.embedder.EclipseLogger - Copying 1 resource
2023-04-26 12:13:54,778 [Worker-16: Building] INFO  o.e.m.c.i.embedder.EclipseLogger - Using 'UTF-8' encoding to copy filtered resources.
2023-04-26 12:13:54,778 [Worker-16: Building] INFO  o.e.m.c.i.embedder.EclipseLogger - Using 'UTF-8' encoding to copy filtered properties files.
2023-04-26 12:13:54,778 [Worker-16: Building] INFO  o.e.m.c.i.embedder.EclipseLogger - skip non existing resourceDirectory C:\Users\Pavan\Documents\Sts\gitEcom\ecommerce_orders\e_commerce_orders\src\test\resources
2023-04-26 12:13:55,228 [Worker-16: Building] INFO  o.e.m.c.i.embedder.EclipseLogger - Using 'UTF-8' encoding to copy filtered resources.
2023-04-26 12:13:55,228 [Worker-16: Building] INFO  o.e.m.c.i.embedder.EclipseLogger - Using 'UTF-8' encoding to copy filtered properties files.
2023-04-26 12:13:55,229 [Worker-16: Building] INFO  o.e.m.c.i.embedder.EclipseLogger - Copying 1 resource
2023-04-26 12:13:55,245 [Worker-16: Building] INFO  o.e.m.c.i.embedder.EclipseLogger - Copying 0 resource
2023-04-26 12:13:55,250 [Worker-16: Building] INFO  o.e.m.c.i.embedder.EclipseLogger - Using 'UTF-8' encoding to copy filtered resources.
2023-04-26 12:13:55,250 [Worker-16: Building] INFO  o.e.m.c.i.embedder.EclipseLogger - Using 'UTF-8' encoding to copy filtered properties files.
2023-04-26 12:13:55,250 [Worker-16: Building] INFO  o.e.m.c.i.embedder.EclipseLogger - skip non existing resourceDirectory C:\Users\Pavan\Documents\Sts\gitEcom\ecommerce_admin\e_commerce_admin\src\test\resources
2023-04-26 12:14:02,655 [main] INFO  o.e.m2e.actions.ExecutePomAction - Creating new launch configuration
2023-04-26 12:14:11,651 [Worker-12: Launching ecom-entity] INFO  o.eclipse.m2e.core.internal.Bundles - getClasspathEntries(Bundle=org.eclipse.m2e.maven.runtime_3.8.701.20230209-1606 [346])
2023-04-26 12:14:11,655 [Worker-12: Launching ecom-entity] INFO  o.eclipse.m2e.core.internal.Bundles - 	Entry: C:\Users\Pavan\Documents\java support\sts-4.18.0.RELEASE\plugins\org.eclipse.m2e.maven.runtime_3.8.701.20230209-1606
2023-04-26 12:14:11,655 [Worker-12: Launching ecom-entity] INFO  o.eclipse.m2e.core.internal.Bundles - 	Entry: C:\Users\Pavan\Documents\java support\sts-4.18.0.RELEASE\plugins\org.eclipse.m2e.maven.runtime_3.8.701.20230209-1606\jars\aether-connector-okhttp-0.17.8.jar
2023-04-26 12:14:11,656 [Worker-12: Launching ecom-entity] INFO  o.eclipse.m2e.core.internal.Bundles - 	Entry: C:\Users\Pavan\Documents\java support\sts-4.18.0.RELEASE\plugins\org.eclipse.m2e.maven.runtime_3.8.701.20230209-1606\jars\commons-lang3-3.8.1.jar
2023-04-26 12:14:11,656 [Worker-12: Launching ecom-entity] INFO  o.eclipse.m2e.core.internal.Bundles - 	Entry: C:\Users\Pavan\Documents\java support\sts-4.18.0.RELEASE\plugins\org.eclipse.m2e.maven.runtime_3.8.701.20230209-1606\jars\guice-4.2.2-no_aop.jar
2023-04-26 12:14:11,656 [Worker-12: Launching ecom-entity] INFO  o.eclipse.m2e.core.internal.Bundles - 	Entry: C:\Users\Pavan\Documents\java support\sts-4.18.0.RELEASE\plugins\org.eclipse.m2e.maven.runtime_3.8.701.20230209-1606\jars\jansi-2.4.0.jar
2023-04-26 12:14:11,656 [Worker-12: Launching ecom-entity] INFO  o.eclipse.m2e.core.internal.Bundles - 	Entry: C:\Users\Pavan\Documents\java support\sts-4.18.0.RELEASE\plugins\org.eclipse.m2e.maven.runtime_3.8.701.20230209-1606\jars\maven-artifact-3.8.7.jar
2023-04-26 12:14:11,656 [Worker-12: Launching ecom-entity] INFO  o.eclipse.m2e.core.internal.Bundles - 	Entry: C:\Users\Pavan\Documents\java support\sts-4.18.0.RELEASE\plugins\org.eclipse.m2e.maven.runtime_3.8.701.20230209-1606\jars\maven-builder-support-3.8.7.jar
2023-04-26 12:14:11,657 [Worker-12: Launching ecom-entity] INFO  o.eclipse.m2e.core.internal.Bundles - 	Entry: C:\Users\Pavan\Documents\java support\sts-4.18.0.RELEASE\plugins\org.eclipse.m2e.maven.runtime_3.8.701.20230209-1606\jars\maven-compat-3.8.7.jar
2023-04-26 12:14:11,657 [Worker-12: Launching ecom-entity] INFO  o.eclipse.m2e.core.internal.Bundles - 	Entry: C:\Users\Pavan\Documents\java support\sts-4.18.0.RELEASE\plugins\org.eclipse.m2e.maven.runtime_3.8.701.20230209-1606\jars\maven-core-3.8.7.jar
2023-04-26 12:14:11,657 [Worker-12: Launching ecom-entity] INFO  o.eclipse.m2e.core.internal.Bundles - 	Entry: C:\Users\Pavan\Documents\java support\sts-4.18.0.RELEASE\plugins\org.eclipse.m2e.maven.runtime_3.8.701.20230209-1606\jars\maven-embedder-3.8.7.jar
2023-04-26 12:14:11,657 [Worker-12: Launching ecom-entity] INFO  o.eclipse.m2e.core.internal.Bundles - 	Entry: C:\Users\Pavan\Documents\java support\sts-4.18.0.RELEASE\plugins\org.eclipse.m2e.maven.runtime_3.8.701.20230209-1606\jars\maven-model-3.8.7.jar
2023-04-26 12:14:11,658 [Worker-12: Launching ecom-entity] INFO  o.eclipse.m2e.core.internal.Bundles - 	Entry: C:\Users\Pavan\Documents\java support\sts-4.18.0.RELEASE\plugins\org.eclipse.m2e.maven.runtime_3.8.701.20230209-1606\jars\maven-model-builder-3.8.7.jar
2023-04-26 12:14:11,658 [Worker-12: Launching ecom-entity] INFO  o.eclipse.m2e.core.internal.Bundles - 	Entry: C:\Users\Pavan\Documents\java support\sts-4.18.0.RELEASE\plugins\org.eclipse.m2e.maven.runtime_3.8.701.20230209-1606\jars\maven-plugin-api-3.8.7.jar
2023-04-26 12:14:11,658 [Worker-12: Launching ecom-entity] INFO  o.eclipse.m2e.core.internal.Bundles - 	Entry: C:\Users\Pavan\Documents\java support\sts-4.18.0.RELEASE\plugins\org.eclipse.m2e.maven.runtime_3.8.701.20230209-1606\jars\maven-repository-metadata-3.8.7.jar
2023-04-26 12:14:11,659 [Worker-12: Launching ecom-entity] INFO  o.eclipse.m2e.core.internal.Bundles - 	Entry: C:\Users\Pavan\Documents\java support\sts-4.18.0.RELEASE\plugins\org.eclipse.m2e.maven.runtime_3.8.701.20230209-1606\jars\maven-resolver-api-1.6.3.jar
2023-04-26 12:14:11,659 [Worker-12: Launching ecom-entity] INFO  o.eclipse.m2e.core.internal.Bundles - 	Entry: C:\Users\Pavan\Documents\java support\sts-4.18.0.RELEASE\plugins\org.eclipse.m2e.maven.runtime_3.8.701.20230209-1606\jars\maven-resolver-connector-basic-1.6.3.jar
2023-04-26 12:14:11,659 [Worker-12: Launching ecom-entity] INFO  o.eclipse.m2e.core.internal.Bundles - 	Entry: C:\Users\Pavan\Documents\java support\sts-4.18.0.RELEASE\plugins\org.eclipse.m2e.maven.runtime_3.8.701.20230209-1606\jars\maven-resolver-impl-1.6.3.jar
2023-04-26 12:14:11,659 [Worker-12: Launching ecom-entity] INFO  o.eclipse.m2e.core.internal.Bundles - 	Entry: C:\Users\Pavan\Documents\java support\sts-4.18.0.RELEASE\plugins\org.eclipse.m2e.maven.runtime_3.8.701.20230209-1606\jars\maven-resolver-provider-3.8.7.jar
2023-04-26 12:14:11,660 [Worker-12: Launching ecom-entity] INFO  o.eclipse.m2e.core.internal.Bundles - 	Entry: C:\Users\Pavan\Documents\java support\sts-4.18.0.RELEASE\plugins\org.eclipse.m2e.maven.runtime_3.8.701.20230209-1606\jars\maven-resolver-spi-1.6.3.jar
2023-04-26 12:14:11,660 [Worker-12: Launching ecom-entity] INFO  o.eclipse.m2e.core.internal.Bundles - 	Entry: C:\Users\Pavan\Documents\java support\sts-4.18.0.RELEASE\plugins\org.eclipse.m2e.maven.runtime_3.8.701.20230209-1606\jars\maven-resolver-transport-wagon-1.6.3.jar
2023-04-26 12:14:11,660 [Worker-12: Launching ecom-entity] INFO  o.eclipse.m2e.core.internal.Bundles - 	Entry: C:\Users\Pavan\Documents\java support\sts-4.18.0.RELEASE\plugins\org.eclipse.m2e.maven.runtime_3.8.701.20230209-1606\jars\maven-resolver-util-1.6.3.jar
2023-04-26 12:14:11,660 [Worker-12: Launching ecom-entity] INFO  o.eclipse.m2e.core.internal.Bundles - 	Entry: C:\Users\Pavan\Documents\java support\sts-4.18.0.RELEASE\plugins\org.eclipse.m2e.maven.runtime_3.8.701.20230209-1606\jars\maven-settings-3.8.7.jar
2023-04-26 12:14:11,660 [Worker-12: Launching ecom-entity] INFO  o.eclipse.m2e.core.internal.Bundles - 	Entry: C:\Users\Pavan\Documents\java support\sts-4.18.0.RELEASE\plugins\org.eclipse.m2e.maven.runtime_3.8.701.20230209-1606\jars\maven-settings-builder-3.8.7.jar
2023-04-26 12:14:11,660 [Worker-12: Launching ecom-entity] INFO  o.eclipse.m2e.core.internal.Bundles - 	Entry: C:\Users\Pavan\Documents\java support\sts-4.18.0.RELEASE\plugins\org.eclipse.m2e.maven.runtime_3.8.701.20230209-1606\jars\maven-shared-utils-3.3.4.jar
2023-04-26 12:14:11,660 [Worker-12: Launching ecom-entity] INFO  o.eclipse.m2e.core.internal.Bundles - 	Entry: C:\Users\Pavan\Documents\java support\sts-4.18.0.RELEASE\plugins\org.eclipse.m2e.maven.runtime_3.8.701.20230209-1606\jars\okhttp-3.14.1.jar
2023-04-26 12:14:11,661 [Worker-12: Launching ecom-entity] INFO  o.eclipse.m2e.core.internal.Bundles - 	Entry: C:\Users\Pavan\Documents\java support\sts-4.18.0.RELEASE\plugins\org.eclipse.m2e.maven.runtime_3.8.701.20230209-1606\jars\okio-1.17.3.jar
2023-04-26 12:14:11,661 [Worker-12: Launching ecom-entity] INFO  o.eclipse.m2e.core.internal.Bundles - 	Entry: C:\Users\Pavan\Documents\java support\sts-4.18.0.RELEASE\plugins\org.eclipse.m2e.maven.runtime_3.8.701.20230209-1606\jars\org.eclipse.sisu.inject-0.3.5.jar
2023-04-26 12:14:11,661 [Worker-12: Launching ecom-entity] INFO  o.eclipse.m2e.core.internal.Bundles - 	Entry: C:\Users\Pavan\Documents\java support\sts-4.18.0.RELEASE\plugins\org.eclipse.m2e.maven.runtime_3.8.701.20230209-1606\jars\org.eclipse.sisu.plexus-0.3.5.jar
2023-04-26 12:14:11,661 [Worker-12: Launching ecom-entity] INFO  o.eclipse.m2e.core.internal.Bundles - 	Entry: C:\Users\Pavan\Documents\java support\sts-4.18.0.RELEASE\plugins\org.eclipse.m2e.maven.runtime_3.8.701.20230209-1606\jars\plexus-build-api-0.0.7.jar
2023-04-26 12:14:11,661 [Worker-12: Launching ecom-entity] INFO  o.eclipse.m2e.core.internal.Bundles - 	Entry: C:\Users\Pavan\Documents\java support\sts-4.18.0.RELEASE\plugins\org.eclipse.m2e.maven.runtime_3.8.701.20230209-1606\jars\plexus-cipher-2.0.jar
2023-04-26 12:14:11,661 [Worker-12: Launching ecom-entity] INFO  o.eclipse.m2e.core.internal.Bundles - 	Entry: C:\Users\Pavan\Documents\java support\sts-4.18.0.RELEASE\plugins\org.eclipse.m2e.maven.runtime_3.8.701.20230209-1606\jars\plexus-classworlds-2.6.0.jar
2023-04-26 12:14:11,661 [Worker-12: Launching ecom-entity] INFO  o.eclipse.m2e.core.internal.Bundles - 	Entry: C:\Users\Pavan\Documents\java support\sts-4.18.0.RELEASE\plugins\org.eclipse.m2e.maven.runtime_3.8.701.20230209-1606\jars\plexus-component-annotations-2.1.0.jar
2023-04-26 12:14:11,662 [Worker-12: Launching ecom-entity] INFO  o.eclipse.m2e.core.internal.Bundles - 	Entry: C:\Users\Pavan\Documents\java support\sts-4.18.0.RELEASE\plugins\org.eclipse.m2e.maven.runtime_3.8.701.20230209-1606\jars\plexus-interpolation-1.26.jar
2023-04-26 12:14:11,662 [Worker-12: Launching ecom-entity] INFO  o.eclipse.m2e.core.internal.Bundles - 	Entry: C:\Users\Pavan\Documents\java support\sts-4.18.0.RELEASE\plugins\org.eclipse.m2e.maven.runtime_3.8.701.20230209-1606\jars\plexus-sec-dispatcher-2.0.jar
2023-04-26 12:14:11,662 [Worker-12: Launching ecom-entity] INFO  o.eclipse.m2e.core.internal.Bundles - 	Entry: C:\Users\Pavan\Documents\java support\sts-4.18.0.RELEASE\plugins\org.eclipse.m2e.maven.runtime_3.8.701.20230209-1606\jars\plexus-utils-3.3.1.jar
2023-04-26 12:14:11,662 [Worker-12: Launching ecom-entity] INFO  o.eclipse.m2e.core.internal.Bundles - 	Entry: C:\Users\Pavan\Documents\java support\sts-4.18.0.RELEASE\plugins\org.eclipse.m2e.maven.runtime_3.8.701.20230209-1606\jars\wagon-file-3.5.3.jar
2023-04-26 12:14:11,662 [Worker-12: Launching ecom-entity] INFO  o.eclipse.m2e.core.internal.Bundles - 	Entry: C:\Users\Pavan\Documents\java support\sts-4.18.0.RELEASE\plugins\org.eclipse.m2e.maven.runtime_3.8.701.20230209-1606\jars\wagon-provider-api-3.5.3.jar
2023-04-26 12:14:11,664 [Worker-12: Launching ecom-entity] INFO  o.eclipse.m2e.core.internal.Bundles - getClasspathEntries(Bundle=com.google.guava_31.1.0.jre [23])
2023-04-26 12:14:11,664 [Worker-12: Launching ecom-entity] INFO  o.eclipse.m2e.core.internal.Bundles - 	Entry: C:\Users\Pavan\Documents\java support\sts-4.18.0.RELEASE\plugins\com.google.guava_31.1.0.jre.jar
2023-04-26 12:14:11,664 [Worker-12: Launching ecom-entity] INFO  o.eclipse.m2e.core.internal.Bundles - getClasspathEntries(Bundle=slf4j.api_1.7.36 [580])
2023-04-26 12:14:11,665 [Worker-12: Launching ecom-entity] INFO  o.eclipse.m2e.core.internal.Bundles - 	Entry: C:\Users\Pavan\Documents\java support\sts-4.18.0.RELEASE\plugins\slf4j.api_1.7.36.jar
2023-04-26 12:14:11,665 [Worker-12: Launching ecom-entity] INFO  o.eclipse.m2e.core.internal.Bundles - getClasspathEntries(Bundle=javax.inject_1.0.0.v20220405-0441 [50])
2023-04-26 12:14:11,666 [Worker-12: Launching ecom-entity] INFO  o.eclipse.m2e.core.internal.Bundles - 	Entry: C:\Users\Pavan\Documents\java support\sts-4.18.0.RELEASE\plugins\javax.inject_1.0.0.v20220405-0441.jar
2023-04-26 12:14:11,666 [Worker-12: Launching ecom-entity] INFO  o.eclipse.m2e.core.internal.Bundles - getClasspathEntries(Bundle=javax.annotation_1.3.5.v20221203-1659 [48])
2023-04-26 12:14:11,667 [Worker-12: Launching ecom-entity] INFO  o.eclipse.m2e.core.internal.Bundles - 	Entry: C:\Users\Pavan\Documents\java support\sts-4.18.0.RELEASE\plugins\javax.annotation_1.3.5.v20221203-1659.jar
2023-04-26 12:14:11,667 [Worker-12: Launching ecom-entity] INFO  o.eclipse.m2e.core.internal.Bundles - getClasspathEntries(Bundle=org.apache.commons.cli_1.4.0.v20221112-0806 [73])
2023-04-26 12:14:11,668 [Worker-12: Launching ecom-entity] INFO  o.eclipse.m2e.core.internal.Bundles - 	Entry: C:\Users\Pavan\Documents\java support\sts-4.18.0.RELEASE\plugins\org.apache.commons.cli_1.4.0.v20221112-0806.jar
2023-04-26 12:14:11,668 [Worker-12: Launching ecom-entity] INFO  o.eclipse.m2e.core.internal.Bundles - getClasspathEntries(Bundle=com.google.guava.failureaccess_1.0.1 [25])
2023-04-26 12:14:11,669 [Worker-12: Launching ecom-entity] INFO  o.eclipse.m2e.core.internal.Bundles - 	Entry: C:\Users\Pavan\Documents\java support\sts-4.18.0.RELEASE\plugins\com.google.guava.failureaccess_1.0.1.jar
2023-04-26 12:14:11,671 [Worker-12: Launching ecom-entity] INFO  o.e.m.i.launch.MavenLaunchDelegate - Run build in "C:\Users\Pavan\Documents\Sts\gitEcom\ecom-entity":
2023-04-26 12:14:11,675 [Worker-12: Launching ecom-entity] INFO  o.e.m.i.launch.MavenLaunchDelegate -  mvn  -B -Dstyle.color=always clean install
2023-04-26 12:14:39,259 [main] INFO  o.e.m2e.actions.ExecutePomAction - Creating new launch configuration
2023-04-26 12:14:52,398 [main] INFO  o.e.m2e.actions.ExecutePomAction - Using existing launch configuration
2023-04-26 12:15:03,104 [Worker-18: Launching e_commerce_seller] INFO  o.e.m.i.launch.MavenLaunchDelegate - Run build in "C:\Users\Pavan\Documents\Sts\gitEcom\ecommerce_seller\e_commerce_seller":
2023-04-26 12:15:03,105 [Worker-18: Launching e_commerce_seller] INFO  o.e.m.i.launch.MavenLaunchDelegate -  mvn  -B -Dstyle.color=always clean intall
2023-04-26 12:15:11,745 [main] INFO  o.e.m2e.actions.ExecutePomAction - Using existing launch configuration
2023-04-26 12:15:11,843 [Worker-17: Launching e_commerce_seller] INFO  o.e.m.i.launch.MavenLaunchDelegate - Run build in "C:\Users\Pavan\Documents\Sts\gitEcom\ecommerce_seller\e_commerce_seller":
2023-04-26 12:15:11,843 [Worker-17: Launching e_commerce_seller] INFO  o.e.m.i.launch.MavenLaunchDelegate -  mvn  -B -Dstyle.color=always clean intall
2023-04-26 12:15:17,846 [main] INFO  o.e.m2e.actions.ExecutePomAction - Creating new launch configuration
2023-04-26 12:15:26,000 [Worker-13: Launching e_commerce_seller (1)] INFO  o.e.m.i.launch.MavenLaunchDelegate - Run build in "C:\Users\Pavan\Documents\Sts\gitEcom\ecommerce_seller\e_commerce_seller":
2023-04-26 12:15:26,000 [Worker-13: Launching e_commerce_seller (1)] INFO  o.e.m.i.launch.MavenLaunchDelegate -  mvn  -B -Dstyle.color=always clean install
2023-04-26 12:15:53,321 [main] INFO  o.e.m2e.actions.ExecutePomAction - Creating new launch configuration
2023-04-26 12:16:02,800 [main] INFO  o.e.m2e.actions.ExecutePomAction - Creating new launch configuration
2023-04-26 12:16:09,757 [Worker-17: Launching e_commerce_orders (1)] INFO  o.e.m.i.launch.MavenLaunchDelegate - Run build in "C:\Users\Pavan\Documents\Sts\gitEcom\ecommerce_orders\e_commerce_orders":
2023-04-26 12:16:09,757 [Worker-17: Launching e_commerce_orders (1)] INFO  o.e.m.i.launch.MavenLaunchDelegate -  mvn  -B -Dstyle.color=always clean install
2023-04-26 12:16:55,089 [Worker-13: Launching e_commerce_orders - ECommerceOrdersApplication] INFO  o.e.m.c.i.p.WorkspaceClassifierResolverManager - Resolving P/ecom-entity: ecom:ecom-entity:0.0.1-SNAPSHOT with classifier null to /ecom-entity/target/classes
2023-04-26 12:16:55,223 [Worker-13: Launching e_commerce_orders - ECommerceOrdersApplication] INFO  o.e.m.c.i.p.WorkspaceClassifierResolverManager - Resolving P/ecom-entity: ecom:ecom-entity:0.0.1-SNAPSHOT with classifier null to /ecom-entity/target/classes
2023-04-26 12:16:55,348 [Worker-13: Launching e_commerce_orders - ECommerceOrdersApplication] INFO  o.e.m.c.i.p.WorkspaceClassifierResolverManager - Resolving P/ecom-entity: ecom:ecom-entity:0.0.1-SNAPSHOT with classifier null to /ecom-entity/target/classes
2023-04-26 12:17:30,834 [Worker-14: Launching e_commerce_orders - ECommerceOrdersApplication] INFO  o.e.m.c.i.p.WorkspaceClassifierResolverManager - Resolving P/ecom-entity: ecom:ecom-entity:0.0.1-SNAPSHOT with classifier null to /ecom-entity/target/classes
2023-04-26 12:17:30,956 [Worker-14: Launching e_commerce_orders - ECommerceOrdersApplication] INFO  o.e.m.c.i.p.WorkspaceClassifierResolverManager - Resolving P/ecom-entity: ecom:ecom-entity:0.0.1-SNAPSHOT with classifier null to /ecom-entity/target/classes
2023-04-26 12:17:31,094 [Worker-14: Launching e_commerce_orders - ECommerceOrdersApplication] INFO  o.e.m.c.i.p.WorkspaceClassifierResolverManager - Resolving P/ecom-entity: ecom:ecom-entity:0.0.1-SNAPSHOT with classifier null to /ecom-entity/target/classes
2023-04-26 12:17:49,612 [Worker-19: Launching e_commerce_seller - ECommerceSellerApplication] INFO  o.e.m.c.i.p.WorkspaceClassifierResolverManager - Resolving P/ecom-entity: ecom:ecom-entity:0.0.1-SNAPSHOT with classifier null to /ecom-entity/target/classes
2023-04-26 12:17:49,762 [Worker-19: Launching e_commerce_seller - ECommerceSellerApplication] INFO  o.e.m.c.i.p.WorkspaceClassifierResolverManager - Resolving P/ecom-entity: ecom:ecom-entity:0.0.1-SNAPSHOT with classifier null to /ecom-entity/target/classes
2023-04-26 12:17:49,921 [Worker-19: Launching e_commerce_seller - ECommerceSellerApplication] INFO  o.e.m.c.i.p.WorkspaceClassifierResolverManager - Resolving P/ecom-entity: ecom:ecom-entity:0.0.1-SNAPSHOT with classifier null to /ecom-entity/target/classes
2023-04-26 12:18:03,937 [main] INFO  o.e.m2e.actions.ExecutePomAction - Creating new launch configuration
2023-04-26 12:18:10,789 [Worker-19: Launching e_commerce_user] INFO  o.e.m.i.launch.MavenLaunchDelegate - Run build in "C:\Users\Pavan\Documents\Sts\gitEcom\ecommerce_user\e_commerce_user":
2023-04-26 12:18:10,789 [Worker-19: Launching e_commerce_user] INFO  o.e.m.i.launch.MavenLaunchDelegate -  mvn  -B -Dstyle.color=always clean install
2023-04-26 12:18:55,018 [Worker-14: Launching e_commerce_user - ECommerceUserApplication] INFO  o.e.m.c.i.p.WorkspaceClassifierResolverManager - Resolving P/ecom-entity: ecom:ecom-entity:0.0.1-SNAPSHOT with classifier null to /ecom-entity/target/classes
2023-04-26 12:18:55,174 [Worker-14: Launching e_commerce_user - ECommerceUserApplication] INFO  o.e.m.c.i.p.WorkspaceClassifierResolverManager - Resolving P/ecom-entity: ecom:ecom-entity:0.0.1-SNAPSHOT with classifier null to /ecom-entity/target/classes
2023-04-26 12:18:55,316 [Worker-14: Launching e_commerce_user - ECommerceUserApplication] INFO  o.e.m.c.i.p.WorkspaceClassifierResolverManager - Resolving P/ecom-entity: ecom:ecom-entity:0.0.1-SNAPSHOT with classifier null to /ecom-entity/target/classes
2023-04-26 12:19:13,009 [main] INFO  o.e.m2e.actions.ExecutePomAction - Creating new launch configuration
2023-04-26 12:19:19,368 [Worker-14: Launching e_commerce_admin] INFO  o.e.m.i.launch.MavenLaunchDelegate - Run build in "C:\Users\Pavan\Documents\Sts\gitEcom\ecommerce_admin\e_commerce_admin":
2023-04-26 12:19:19,368 [Worker-14: Launching e_commerce_admin] INFO  o.e.m.i.launch.MavenLaunchDelegate -  mvn  -B -Dstyle.color=always clean install
2023-04-26 12:19:40,076 [Worker-16: Launching e_commerce_admin - ECommerceAdminApplication] INFO  o.e.m.c.i.p.WorkspaceClassifierResolverManager - Resolving P/ecom-entity: ecom:ecom-entity:0.0.1-SNAPSHOT with classifier null to /ecom-entity/target/classes
2023-04-26 12:19:40,278 [Worker-16: Launching e_commerce_admin - ECommerceAdminApplication] INFO  o.e.m.c.i.p.WorkspaceClassifierResolverManager - Resolving P/ecom-entity: ecom:ecom-entity:0.0.1-SNAPSHOT with classifier null to /ecom-entity/target/classes
2023-04-26 12:19:40,440 [Worker-16: Launching e_commerce_admin - ECommerceAdminApplication] INFO  o.e.m.c.i.p.WorkspaceClassifierResolverManager - Resolving P/ecom-entity: ecom:ecom-entity:0.0.1-SNAPSHOT with classifier null to /ecom-entity/target/classes
2023-04-26 12:21:05,782 [Worker-20: Building] INFO  o.e.m.c.i.embedder.EclipseLogger - Using 'UTF-8' encoding to copy filtered resources.
2023-04-26 12:21:05,783 [Worker-20: Building] INFO  o.e.m.c.i.embedder.EclipseLogger - Using 'UTF-8' encoding to copy filtered properties files.
2023-04-26 12:21:05,787 [Worker-20: Building] INFO  o.e.m.c.i.embedder.EclipseLogger - Copying 1 resource
2023-04-26 12:21:05,892 [Worker-20: Building] INFO  o.e.m.c.i.embedder.EclipseLogger - Copying 1 resource
2023-04-26 12:21:05,896 [Worker-20: Building] INFO  o.e.m.c.i.embedder.EclipseLogger - Using 'UTF-8' encoding to copy filtered resources.
2023-04-26 12:21:05,896 [Worker-20: Building] INFO  o.e.m.c.i.embedder.EclipseLogger - Using 'UTF-8' encoding to copy filtered properties files.
2023-04-26 12:21:05,896 [Worker-20: Building] INFO  o.e.m.c.i.embedder.EclipseLogger - skip non existing resourceDirectory C:\Users\Pavan\Documents\Sts\gitEcom\ecommerce_orders\e_commerce_orders\src\test\resources
2023-04-26 12:21:21,097 [Worker-12: Building] INFO  o.e.m.c.i.embedder.EclipseLogger - Using 'UTF-8' encoding to copy filtered resources.
2023-04-26 12:21:21,097 [Worker-12: Building] INFO  o.e.m.c.i.embedder.EclipseLogger - Using 'UTF-8' encoding to copy filtered properties files.
2023-04-26 12:21:21,098 [Worker-12: Building] INFO  o.e.m.c.i.embedder.EclipseLogger - Copying 1 resource
2023-04-26 12:21:21,104 [Worker-12: Building] INFO  o.e.m.c.i.embedder.EclipseLogger - Copying 1 resource
2023-04-26 12:21:21,107 [Worker-12: Building] INFO  o.e.m.c.i.embedder.EclipseLogger - Using 'UTF-8' encoding to copy filtered resources.
2023-04-26 12:21:21,108 [Worker-12: Building] INFO  o.e.m.c.i.embedder.EclipseLogger - Using 'UTF-8' encoding to copy filtered properties files.
2023-04-26 12:21:21,108 [Worker-12: Building] INFO  o.e.m.c.i.embedder.EclipseLogger - skip non existing resourceDirectory C:\Users\Pavan\Documents\Sts\gitEcom\ecommerce_orders\e_commerce_orders\src\test\resources
2023-04-26 12:21:36,687 [Worker-12: Launching e_commerce_orders (1)] INFO  o.e.m.i.launch.MavenLaunchDelegate - Run build in "C:\Users\Pavan\Documents\Sts\gitEcom\ecommerce_orders\e_commerce_orders":
2023-04-26 12:21:36,688 [Worker-12: Launching e_commerce_orders (1)] INFO  o.e.m.i.launch.MavenLaunchDelegate -  mvn  -B -Dstyle.color=always clean install
2023-04-26 12:21:53,876 [Worker-20: Launching e_commerce_orders - ECommerceOrdersApplication] INFO  o.e.m.c.i.p.WorkspaceClassifierResolverManager - Resolving P/ecom-entity: ecom:ecom-entity:0.0.1-SNAPSHOT with classifier null to /ecom-entity/target/classes
2023-04-26 12:21:54,057 [Worker-20: Launching e_commerce_orders - ECommerceOrdersApplication] INFO  o.e.m.c.i.p.WorkspaceClassifierResolverManager - Resolving P/ecom-entity: ecom:ecom-entity:0.0.1-SNAPSHOT with classifier null to /ecom-entity/target/classes
2023-04-26 12:21:54,248 [Worker-20: Launching e_commerce_orders - ECommerceOrdersApplication] INFO  o.e.m.c.i.p.WorkspaceClassifierResolverManager - Resolving P/ecom-entity: ecom:ecom-entity:0.0.1-SNAPSHOT with classifier null to /ecom-entity/target/classes
2023-04-26 12:55:55,409 [Worker-26: Building] INFO  o.e.m.c.i.embedder.EclipseLogger - Using 'UTF-8' encoding to copy filtered resources.
2023-04-26 12:55:55,410 [Worker-26: Building] INFO  o.e.m.c.i.embedder.EclipseLogger - Using 'UTF-8' encoding to copy filtered properties files.
2023-04-26 12:55:55,411 [Worker-26: Building] INFO  o.e.m.c.i.embedder.EclipseLogger - Copying 1 resource
2023-04-26 12:55:55,457 [Worker-26: Building] INFO  o.e.m.c.i.embedder.EclipseLogger - Copying 1 resource
2023-04-26 12:55:55,461 [Worker-26: Building] INFO  o.e.m.c.i.embedder.EclipseLogger - Using 'UTF-8' encoding to copy filtered resources.
2023-04-26 12:55:55,461 [Worker-26: Building] INFO  o.e.m.c.i.embedder.EclipseLogger - Using 'UTF-8' encoding to copy filtered properties files.
2023-04-26 12:55:55,462 [Worker-26: Building] INFO  o.e.m.c.i.embedder.EclipseLogger - skip non existing resourceDirectory C:\Users\Pavan\Documents\Sts\gitEcom\ecommerce_orders\e_commerce_orders\src\test\resources
